<?xml version="1.0" encoding="UTF-8"?>
<!-- Generated by org.testng.reporters.JUnitXMLReporter -->
<testsuite ignored="0" hostname="Abhishek" failures="1" tests="1" name="Default test" time="17.161" errors="0" timestamp="2024-05-04T14:18:04 IST">
  <testcase classname="io.cucumber.testng.AbstractTestNGCucumberTests" name="runScenario" time="16.655">
    <failure type="java.lang.AssertionError" message="Not found expected [false] but found [true]">
      <![CDATA[java.lang.AssertionError: Not found expected [false] but found [true]
at org.testng.Assert.fail(Assert.java:111)
at org.testng.Assert.failNotEquals(Assert.java:1578)
at org.testng.Assert.assertFalse(Assert.java:79)
at stepDefinitions.InventorySteps.user_should_see_hambuger_menu_swaglabs_logo_and_shopping_cart(InventorySteps.java:35)
at âœ½.user should see hambuger menu, Swaglabs logo and Shopping cart(file:///C:/Users/abhim/git/repository2/SwagLabDemo_Automation/src/test/resources/Features/Inventory.feature:13)
]]>
    </failure>
  </testcase> <!-- runScenario -->
</testsuite> <!-- Default test -->
