<?xml version="1.0" encoding="UTF-8"?>
<!-- Generated by org.testng.reporters.JUnitReportReporter -->
<testsuite hostname="Abhishek" failures="1" tests="1" name="testRunner.testRunner_testNG" time="16.655" errors="0" timestamp="2024-05-04T14:18:04 IST" skipped="0">
  <testcase classname="testRunner.testRunner_testNG" name="runScenario" time="16.655">
    <failure message="Not found expected [false] but found [true]" type="java.lang.AssertionError">
      <![CDATA[java.lang.AssertionError: Not found expected [false] but found [true]
at org.testng.Assert.fail(Assert.java:111)
at org.testng.Assert.failNotEquals(Assert.java:1578)
at org.testng.Assert.assertFalse(Assert.java:79)
at stepDefinitions.InventorySteps.user_should_see_hambuger_menu_swaglabs_logo_and_shopping_cart(InventorySteps.java:35)
at âœ½.user should see hambuger menu, Swaglabs logo and Shopping cart(file:///C:/Users/abhim/git/repository2/SwagLabDemo_Automation/src/test/resources/Features/Inventory.feature:13)
]]>
    </failure>
  </testcase> <!-- runScenario -->
</testsuite> <!-- testRunner.testRunner_testNG -->
